<?xml version="1.0" encoding="UTF-8"?>
<!-- Generated by org.testng.reporters.JUnitReportReporter -->
<testsuite hostname="Lenovo-PC" name="com.test.RestClient" tests="2" failures="0" timestamp="26 Nov 2017 07:08:04 GMT" time="5.527" errors="0">
  <testcase name="soapScript" time="0.844" classname="com.test.RestClient"/>
  <testcase name="restScript" time="4.683" classname="com.test.RestClient"/>
</testsuite> <!-- com.test.RestClient -->
